Determining if the Q_WS_WIN exist failed with the following output:
Change Dir: /home/byron/robotica2015-master/primercomponente/build/CMakeFiles/CMakeTmp

Run Build Command:"/usr/bin/make" "cmTryCompileExec2087209845/fast"
/usr/bin/make -f CMakeFiles/cmTryCompileExec2087209845.dir/build.make CMakeFiles/cmTryCompileExec2087209845.dir/build
make[1]: Entering directory '/home/byron/robotica2015-master/primercomponente/build/CMakeFiles/CMakeTmp'
/usr/bin/cmake -E cmake_progress_report /home/byron/robotica2015-master/primercomponente/build/CMakeFiles/CMakeTmp/CMakeFiles 1
Building CXX object CMakeFiles/cmTryCompileExec2087209845.dir/CheckSymbolExists.cxx.o
/usr/bin/c++    -I/usr/include/qt4    -o CMakeFiles/cmTryCompileExec2087209845.dir/CheckSymbolExists.cxx.o -c /home/byron/robotica2015-master/primercomponente/build/CMakeFiles/CMakeTmp/CheckSymbolExists.cxx
/home/byron/robotica2015-master/primercomponente/build/CMakeFiles/CMakeTmp/CheckSymbolExists.cxx: In function ‘int main(int, char**)’:
/home/byron/robotica2015-master/primercomponente/build/CMakeFiles/CMakeTmp/CheckSymbolExists.cxx:8:19: error: ‘Q_WS_WIN’ was not declared in this scope
   return ((int*)(&Q_WS_WIN))[argc];
                   ^
CMakeFiles/cmTryCompileExec2087209845.dir/build.make:57: recipe for target 'CMakeFiles/cmTryCompileExec2087209845.dir/CheckSymbolExists.cxx.o' failed
make[1]: Leaving directory '/home/byron/robotica2015-master/primercomponente/build/CMakeFiles/CMakeTmp'
make[1]: *** [CMakeFiles/cmTryCompileExec2087209845.dir/CheckSymbolExists.cxx.o] Error 1
Makefile:118: recipe for target 'cmTryCompileExec2087209845/fast' failed
make: *** [cmTryCompileExec2087209845/fast] Error 2

File /home/byron/robotica2015-master/primercomponente/build/CMakeFiles/CMakeTmp/CheckSymbolExists.cxx:
/* */
#include <QtCore/qglobal.h>

int main(int argc, char** argv)
{
  (void)argv;
#ifndef Q_WS_WIN
  return ((int*)(&Q_WS_WIN))[argc];
#else
  (void)argc;
  return 0;
#endif
}

Determining if the Q_WS_QWS exist failed with the following output:
Change Dir: /home/byron/robotica2015-master/primercomponente/build/CMakeFiles/CMakeTmp

Run Build Command:"/usr/bin/make" "cmTryCompileExec2471397501/fast"
/usr/bin/make -f CMakeFiles/cmTryCompileExec2471397501.dir/build.make CMakeFiles/cmTryCompileExec2471397501.dir/build
make[1]: Entering directory '/home/byron/robotica2015-master/primercomponente/build/CMakeFiles/CMakeTmp'
/usr/bin/cmake -E cmake_progress_report /home/byron/robotica2015-master/primercomponente/build/CMakeFiles/CMakeTmp/CMakeFiles 1
Building CXX object CMakeFiles/cmTryCompileExec2471397501.dir/CheckSymbolExists.cxx.o
/usr/bin/c++    -I/usr/include/qt4    -o CMakeFiles/cmTryCompileExec2471397501.dir/CheckSymbolExists.cxx.o -c /home/byron/robotica2015-master/primercomponente/build/CMakeFiles/CMakeTmp/CheckSymbolExists.cxx
/home/byron/robotica2015-master/primercomponente/build/CMakeFiles/CMakeTmp/CheckSymbolExists.cxx: In function ‘int main(int, char**)’:
/home/byron/robotica2015-master/primercomponente/build/CMakeFiles/CMakeTmp/CheckSymbolExists.cxx:8:19: error: ‘Q_WS_QWS’ was not declared in this scope
   return ((int*)(&Q_WS_QWS))[argc];
                   ^
CMakeFiles/cmTryCompileExec2471397501.dir/build.make:57: recipe for target 'CMakeFiles/cmTryCompileExec2471397501.dir/CheckSymbolExists.cxx.o' failed
make[1]: *** [CMakeFiles/cmTryCompileExec2471397501.dir/CheckSymbolExists.cxx.o] Error 1
make[1]: Leaving directory '/home/byron/robotica2015-master/primercomponente/build/CMakeFiles/CMakeTmp'
Makefile:118: recipe for target 'cmTryCompileExec2471397501/fast' failed
make: *** [cmTryCompileExec2471397501/fast] Error 2

File /home/byron/robotica2015-master/primercomponente/build/CMakeFiles/CMakeTmp/CheckSymbolExists.cxx:
/* */
#include <QtCore/qglobal.h>

int main(int argc, char** argv)
{
  (void)argv;
#ifndef Q_WS_QWS
  return ((int*)(&Q_WS_QWS))[argc];
#else
  (void)argc;
  return 0;
#endif
}

Determining if the Q_WS_MAC exist failed with the following output:
Change Dir: /home/byron/robotica2015-master/primercomponente/build/CMakeFiles/CMakeTmp

Run Build Command:"/usr/bin/make" "cmTryCompileExec3702697409/fast"
/usr/bin/make -f CMakeFiles/cmTryCompileExec3702697409.dir/build.make CMakeFiles/cmTryCompileExec3702697409.dir/build
make[1]: Entering directory '/home/byron/robotica2015-master/primercomponente/build/CMakeFiles/CMakeTmp'
/usr/bin/cmake -E cmake_progress_report /home/byron/robotica2015-master/primercomponente/build/CMakeFiles/CMakeTmp/CMakeFiles 1
Building CXX object CMakeFiles/cmTryCompileExec3702697409.dir/CheckSymbolExists.cxx.o
/usr/bin/c++    -I/usr/include/qt4    -o CMakeFiles/cmTryCompileExec3702697409.dir/CheckSymbolExists.cxx.o -c /home/byron/robotica2015-master/primercomponente/build/CMakeFiles/CMakeTmp/CheckSymbolExists.cxx
/home/byron/robotica2015-master/primercomponente/build/CMakeFiles/CMakeTmp/CheckSymbolExists.cxx: In function ‘int main(int, char**)’:
/home/byron/robotica2015-master/primercomponente/build/CMakeFiles/CMakeTmp/CheckSymbolExists.cxx:8:19: error: ‘Q_WS_MAC’ was not declared in this scope
   return ((int*)(&Q_WS_MAC))[argc];
                   ^
CMakeFiles/cmTryCompileExec3702697409.dir/build.make:57: recipe for target 'CMakeFiles/cmTryCompileExec3702697409.dir/CheckSymbolExists.cxx.o' failed
make[1]: Leaving directory '/home/byron/robotica2015-master/primercomponente/build/CMakeFiles/CMakeTmp'
make[1]: *** [CMakeFiles/cmTryCompileExec3702697409.dir/CheckSymbolExists.cxx.o] Error 1
Makefile:118: recipe for target 'cmTryCompileExec3702697409/fast' failed
make: *** [cmTryCompileExec3702697409/fast] Error 2

File /home/byron/robotica2015-master/primercomponente/build/CMakeFiles/CMakeTmp/CheckSymbolExists.cxx:
/* */
#include <QtCore/qglobal.h>

int main(int argc, char** argv)
{
  (void)argv;
#ifndef Q_WS_MAC
  return ((int*)(&Q_WS_MAC))[argc];
#else
  (void)argc;
  return 0;
#endif
}

